# JRE version: Java(TM) SE Runtime Environment (8.0_101-b13) (build 1.8.0_101-b13)
# Java VM: Java HotSpot(TM) 64-Bit Server VM (25.101-b13 mixed mode linux-amd64 compressed oops)
Heap:
 PSYoungGen      total 254976K, used 32K [0x00000000d6e00000, 0x00000000e6800000, 0x0000000100000000)
  eden space 253952K, 0% used [0x00000000d6e00000,0x00000000d6e00000,0x00000000e6600000)
  from space 1024K, 3% used [0x00000000e6600000,0x00000000e6608000,0x00000000e6700000)
  to   space 1024K, 0% used [0x00000000e6700000,0x00000000e6700000,0x00000000e6800000)
 ParOldGen       total 84992K, used 336K [0x0000000084a00000, 0x0000000089d00000, 0x00000000d6e00000)
  object space 84992K, 0% used [0x0000000084a00000,0x0000000084a54060,0x0000000089d00000)
 Metaspace       used 2549K, capacity 4502K, committed 4864K, reserved 1056768K
  class space    used 273K, capacity 390K, committed 512K, reserved 1048576K
GC Heap History (10 events):
Event: 0,220 GC heap after
Heap after GC invocations=2 (full 0):
 PSYoungGen      total 68608K, used 416K [0x00000000d6e00000, 0x00000000db600000, 0x0000000100000000)
  eden space 63488K, 0% used [0x00000000d6e00000,0x00000000d6e00000,0x00000000dac00000)
  from space 5120K, 8% used [0x00000000db100000,0x00000000db168020,0x00000000db600000)
  to   space 5120K, 0% used [0x00000000dac00000,0x00000000dac00000,0x00000000db100000)
 ParOldGen       total 84992K, used 16K [0x0000000084a00000, 0x0000000089d00000, 0x00000000d6e00000)
  object space 84992K, 0% used [0x0000000084a00000,0x0000000084a04000,0x0000000089d00000)
 Metaspace       used 2549K, capacity 4502K, committed 4864K, reserved 1056768K
  class space    used 273K, capacity 390K, committed 512K, reserved 1048576K
}
Event: 0,471 GC heap before
{Heap before GC invocations=3 (full 0):
 PSYoungGen      total 68608K, used 63904K [0x00000000d6e00000, 0x00000000db600000, 0x0000000100000000)
  eden space 63488K, 100% used [0x00000000d6e00000,0x00000000dac00000,0x00000000dac00000)
  from space 5120K, 8% used [0x00000000db100000,0x00000000db168020,0x00000000db600000)
  to   space 5120K, 0% used [0x00000000dac00000,0x00000000dac00000,0x00000000db100000)
 ParOldGen       total 84992K, used 16K [0x0000000084a00000, 0x0000000089d00000, 0x00000000d6e00000)
  object space 84992K, 0% used [0x0000000084a00000,0x0000000084a04000,0x0000000089d00000)
 Metaspace       used 2549K, capacity 4502K, committed 4864K, reserved 1056768K
  class space    used 273K, capacity 390K, committed 512K, reserved 1048576K
Event: 0,481 GC heap after
Heap after GC invocations=3 (full 0):
 PSYoungGen      total 68608K, used 496K [0x00000000d6e00000, 0x00000000df400000, 0x0000000100000000)
  eden space 63488K, 0% used [0x00000000d6e00000,0x00000000d6e00000,0x00000000dac00000)
  from space 5120K, 9% used [0x00000000dac00000,0x00000000dac7c010,0x00000000db100000)
  to   space 5120K, 0% used [0x00000000def00000,0x00000000def00000,0x00000000df400000)
 ParOldGen       total 84992K, used 16K [0x0000000084a00000, 0x0000000089d00000, 0x00000000d6e00000)
  object space 84992K, 0% used [0x0000000084a00000,0x0000000084a04000,0x0000000089d00000)
 Metaspace       used 2549K, capacity 4502K, committed 4864K, reserved 1056768K
  class space    used 273K, capacity 390K, committed 512K, reserved 1048576K
}
Event: 0,545 GC heap before
{Heap before GC invocations=4 (full 0):
 PSYoungGen      total 68608K, used 63984K [0x00000000d6e00000, 0x00000000df400000, 0x0000000100000000)
  eden space 63488K, 100% used [0x00000000d6e00000,0x00000000dac00000,0x00000000dac00000)
  from space 5120K, 9% used [0x00000000dac00000,0x00000000dac7c010,0x00000000db100000)
  to   space 5120K, 0% used [0x00000000def00000,0x00000000def00000,0x00000000df400000)
 ParOldGen       total 84992K, used 16K [0x0000000084a00000, 0x0000000089d00000, 0x00000000d6e00000)
  object space 84992K, 0% used [0x0000000084a00000,0x0000000084a04000,0x0000000089d00000)
 Metaspace       used 2549K, capacity 4502K, committed 4864K, reserved 1056768K
  class space    used 273K, capacity 390K, committed 512K, reserved 1048576K
Event: 0,551 GC heap after
Heap after GC invocations=4 (full 0):
 PSYoungGen      total 132096K, used 480K [0x00000000d6e00000, 0x00000000df400000, 0x0000000100000000)
  eden space 126976K, 0% used [0x00000000d6e00000,0x00000000d6e00000,0x00000000dea00000)
  from space 5120K, 9% used [0x00000000def00000,0x00000000def78020,0x00000000df400000)
  to   space 5120K, 0% used [0x00000000dea00000,0x00000000dea00000,0x00000000def00000)
 ParOldGen       total 84992K, used 24K [0x0000000084a00000, 0x0000000089d00000, 0x00000000d6e00000)
  object space 84992K, 0% used [0x0000000084a00000,0x0000000084a06000,0x0000000089d00000)
 Metaspace       used 2549K, capacity 4502K, committed 4864K, reserved 1056768K
  class space    used 273K, capacity 390K, committed 512K, reserved 1048576K
}
Event: 0,917 GC heap before
{Heap before GC invocations=5 (full 0):
 PSYoungGen      total 132096K, used 127456K [0x00000000d6e00000, 0x00000000df400000, 0x0000000100000000)
  eden space 126976K, 100% used [0x00000000d6e00000,0x00000000dea00000,0x00000000dea00000)
  from space 5120K, 9% used [0x00000000def00000,0x00000000def78020,0x00000000df400000)
  to   space 5120K, 0% used [0x00000000dea00000,0x00000000dea00000,0x00000000def00000)
 ParOldGen       total 84992K, used 24K [0x0000000084a00000, 0x0000000089d00000, 0x00000000d6e00000)
  object space 84992K, 0% used [0x0000000084a00000,0x0000000084a06000,0x0000000089d00000)
 Metaspace       used 2549K, capacity 4502K, committed 4864K, reserved 1056768K
  class space    used 273K, capacity 390K, committed 512K, reserved 1048576K
Event: 0,920 GC heap after
Heap after GC invocations=5 (full 0):
 PSYoungGen      total 132096K, used 368K [0x00000000d6e00000, 0x00000000e6800000, 0x0000000100000000)
  eden space 126976K, 0% used [0x00000000d6e00000,0x00000000d6e00000,0x00000000dea00000)
  from space 5120K, 7% used [0x00000000dea00000,0x00000000dea5c010,0x00000000def00000)
  to   space 1024K, 0% used [0x00000000e6700000,0x00000000e6700000,0x00000000e6800000)
 ParOldGen       total 84992K, used 32K [0x0000000084a00000, 0x0000000089d00000, 0x00000000d6e00000)
  object space 84992K, 0% used [0x0000000084a00000,0x0000000084a08000,0x0000000089d00000)
 Metaspace       used 2549K, capacity 4502K, committed 4864K, reserved 1056768K
  class space    used 273K, capacity 390K, committed 512K, reserved 1048576K
}
Event: 1,047 GC heap before
{Heap before GC invocations=6 (full 0):
 PSYoungGen      total 132096K, used 127344K [0x00000000d6e00000, 0x00000000e6800000, 0x0000000100000000)
  eden space 126976K, 100% used [0x00000000d6e00000,0x00000000dea00000,0x00000000dea00000)
  from space 5120K, 7% used [0x00000000dea00000,0x00000000dea5c010,0x00000000def00000)
  to   space 1024K, 0% used [0x00000000e6700000,0x00000000e6700000,0x00000000e6800000)
 ParOldGen       total 84992K, used 32K [0x0000000084a00000, 0x0000000089d00000, 0x00000000d6e00000)
  object space 84992K, 0% used [0x0000000084a00000,0x0000000084a08000,0x0000000089d00000)
 Metaspace       used 2549K, capacity 4502K, committed 4864K, reserved 1056768K
  class space    used 273K, capacity 390K, committed 512K, reserved 1048576K
Event: 1,051 GC heap after
Heap after GC invocations=6 (full 0):
 PSYoungGen      total 254976K, used 432K [0x00000000d6e00000, 0x00000000e6800000, 0x0000000100000000)
  eden space 253952K, 0% used [0x00000000d6e00000,0x00000000d6e00000,0x00000000e6600000)
  from space 1024K, 42% used [0x00000000e6700000,0x00000000e676c010,0x00000000e6800000)
  to   space 1024K, 0% used [0x00000000e6600000,0x00000000e6600000,0x00000000e6700000)
 ParOldGen       total 84992K, used 32K [0x0000000084a00000, 0x0000000089d00000, 0x00000000d6e00000)
  object space 84992K, 0% used [0x0000000084a00000,0x0000000084a08000,0x0000000089d00000)
 Metaspace       used 2549K, capacity 4502K, committed 4864K, reserved 1056768K
  class space    used 273K, capacity 390K, committed 512K, reserved 1048576K
}
Event: 1,395 GC heap before
{Heap before GC invocations=7 (full 0):
 PSYoungGen      total 254976K, used 254384K [0x00000000d6e00000, 0x00000000e6800000, 0x0000000100000000)
  eden space 253952K, 100% used [0x00000000d6e00000,0x00000000e6600000,0x00000000e6600000)
  from space 1024K, 42% used [0x00000000e6700000,0x00000000e676c010,0x00000000e6800000)
  to   space 1024K, 0% used [0x00000000e6600000,0x00000000e6600000,0x00000000e6700000)
 ParOldGen       total 84992K, used 32K [0x0000000084a00000, 0x0000000089d00000, 0x00000000d6e00000)
  object space 84992K, 0% used [0x0000000084a00000,0x0000000084a08000,0x0000000089d00000)
 Metaspace       used 2549K, capacity 4502K, committed 4864K, reserved 1056768K
  class space    used 273K, capacity 390K, committed 512K, reserved 1048576K

